<?xml version="1.0" encoding="UTF-8"?>
<!-- Generated by org.testng.reporters.JUnitReportReporter -->
<testsuite hostname="DESKTOP-H4J5F89" failures="0" tests="1" name="stabilityFlow.Abcclass" time="0.235" errors="0" timestamp="2024-12-27T13:45:57 IST" skipped="0">
  <testcase classname="stabilityFlow.Abcclass" name="login" time="0.235"/>
  <system-out/>
</testsuite> <!-- stabilityFlow.Abcclass -->
