<?xml version="1.0" encoding="UTF-8"?>
<!-- Generated by org.testng.reporters.JUnitReportReporter -->
<testsuite hostname="DESKTOP-H4J5F89" failures="0" tests="5" name="stabilityFlow.Loginpage" time="15.431" errors="0" timestamp="2024-12-31T15:35:09 IST" skipped="0">
  <testcase classname="stabilityFlow.Loginpage" name="Step4_1_1" time="3.987"/>
  <system-out/>
  <testcase classname="stabilityFlow.Loginpage" name="Step4_1_2" time="4.282"/>
  <system-out/>
  <testcase classname="stabilityFlow.Loginpage" name="Step4_1_3" time="2.492"/>
  <system-out/>
  <testcase classname="stabilityFlow.Loginpage" name="Step4_1_4" time="2.360"/>
  <system-out/>
  <testcase classname="stabilityFlow.Loginpage" name="Step4_1_5" time="2.310"/>
  <system-out/>
</testsuite> <!-- stabilityFlow.Loginpage -->
