<?xml version="1.0" encoding="UTF-8"?>
<!-- Generated by org.testng.reporters.JUnitReportReporter -->
<testsuite hostname="DESKTOP-H4J5F89" failures="0" tests="3" name="stabilityFlow.Department" time="8.132" errors="0" timestamp="2024-12-31T16:31:41 IST" skipped="0">
  <testcase classname="stabilityFlow.Department" name="Step4_1_1" time="3.922"/>
  <system-out/>
  <testcase classname="stabilityFlow.Department" name="Step4_1_2" time="4.035"/>
  <system-out/>
  <testcase classname="stabilityFlow.Department" name="Step4_2_3" time="0.175"/>
  <system-out/>
</testsuite> <!-- stabilityFlow.Department -->
