<?xml version="1.0" encoding="UTF-8"?>
<!-- Generated by org.testng.reporters.JUnitReportReporter -->
<testsuite hostname="DESKTOP-H4J5F89" failures="0" tests="2" name="stabilityFlow.ManiflowLogin" time="7.953" errors="0" timestamp="2024-12-31T16:24:14 IST" skipped="0">
  <testcase classname="stabilityFlow.ManiflowLogin" name="Step4_1_1" time="3.914"/>
  <system-out/>
  <testcase classname="stabilityFlow.ManiflowLogin" name="Step4_1_2" time="4.039"/>
  <system-out/>
</testsuite> <!-- stabilityFlow.ManiflowLogin -->
